[2024-08-31 05:23:51] 스크립트 시작
[2024-08-31 05:23:51] 변수 설정 완료
[2024-08-31 05:23:51] 현재 디렉토리: /Users/icheolhui/Mirror/Github/React_NextJS/sungsimdang
[2024-08-31 05:23:51] 프로젝트 파일 복사 시작
[2024-08-31 05:24:00] 프로젝트 파일 복사 완료
[2024-08-31 05:24:00] AWS 서버에 SSH 접속 시작
[2024-08-31 05:24:01] AWS 서버 SSH 접속 및 작업 완료
[2024-08-31 05:24:01] 스크립트 실행 완료. 총 실행 시간: 10.000 초
[2024-08-31 05:45:26] 스크립트 시작
[2024-08-31 05:45:26] 변수 설정 완료
[2024-08-31 05:45:26] 현재 디렉토리: /Users/icheolhui/Mirror/Github/React_NextJS/sungsimdang
[2024-08-31 05:45:26] 프로젝트 파일 복사 시작
[2024-08-31 05:45:47] 프로젝트 파일 복사 완료
[2024-08-31 05:45:47] AWS 서버에 SSH 접속 시작
[2024-08-31 05:45:47] AWS 서버 SSH 접속 및 작업 완료
[2024-08-31 05:45:47] 스크립트 실행 완료. 총 실행 시간: 21.000 초
[2024-11-10 14:12:23] 스크립트 시작
[2024-11-10 14:12:23] 변수 설정 완료
[2024-11-10 14:12:23] 현재 디렉토리: /Users/icheolhui/Mirror/Github/React_NextJS/bubblebubble
[2024-11-10 14:12:23] 프로젝트 파일 복사 시작
[2024-11-10 14:12:25] 프로젝트 파일 복사 완료
[2024-11-10 14:12:25] AWS 서버에 SSH 접속 시작
[2024-11-10 14:12:50] AWS 서버 SSH 접속 및 작업 완료
[2024-11-10 14:12:50] 스크립트 실행 완료. 총 실행 시간: 27.000 초
[2024-11-10 14:13:17] 스크립트 시작
[2024-11-10 14:13:17] 변수 설정 완료
[2024-11-10 14:13:17] 현재 디렉토리: /Users/icheolhui/Mirror/Github/React_NextJS/bubblebubble
[2024-11-10 14:13:17] 프로젝트 파일 복사 시작
[2024-11-10 14:13:22] 프로젝트 파일 복사 완료
[2024-11-10 14:13:22] AWS 서버에 SSH 접속 시작
[2024-11-10 14:13:25] AWS 서버 SSH 접속 및 작업 완료
[2024-11-10 14:13:25] 스크립트 실행 완료. 총 실행 시간: 8.000 초
[2024-11-10 14:16:18] 스크립트 시작
[2024-11-10 14:16:18] 변수 설정 완료
[2024-11-10 14:16:18] 현재 디렉토리: /Users/icheolhui/Mirror/Github/React_NextJS/bubblebubble
[2024-11-10 14:16:18] 프로젝트 파일 복사 시작
[2024-11-10 14:16:20] 프로젝트 파일 복사 완료
[2024-11-10 14:16:20] AWS 서버에 SSH 접속 시작
[2024-11-10 14:16:25] AWS 서버 SSH 접속 및 작업 완료
[2024-11-10 14:16:25] 스크립트 실행 완료. 총 실행 시간: 7.000 초
[2024-11-10 14:22:33] 스크립트 시작
[2024-11-10 14:22:33] 변수 설정 완료
[2024-11-10 14:22:33] 현재 디렉토리: /Users/icheolhui/Mirror/Github/React_NextJS/bubblebubble
[2024-11-10 14:22:33] 프로젝트 파일 복사 시작
[2024-11-10 14:22:34] 프로젝트 파일 복사 완료
[2024-11-10 14:22:34] AWS 서버에 SSH 접속 시작
[2024-11-10 14:22:38] AWS 서버 SSH 접속 및 작업 완료
[2024-11-10 14:22:38] 스크립트 실행 완료. 총 실행 시간: 5.000 초
[2024-11-10 16:04:38] 스크립트 시작
[2024-11-10 16:04:38] 변수 설정 완료
[2024-11-10 16:04:38] 현재 디렉토리: /Users/icheolhui/Mirror/Github/React_NextJS/bubblebubble
[2024-11-10 16:04:38] 프로젝트 파일 복사 시작
[2024-11-10 16:04:40] 프로젝트 파일 복사 완료
[2024-11-10 16:04:40] AWS 서버에 SSH 접속 시작
[2024-11-10 16:04:41] AWS 서버 SSH 접속 및 작업 완료
[2024-11-10 16:04:41] 스크립트 실행 완료. 총 실행 시간: 3.000 초
[2024-11-10 16:07:14] 스크립트 시작
[2024-11-10 16:07:14] 변수 설정 완료
[2024-11-10 16:07:14] 현재 디렉토리: /Users/icheolhui/Mirror/Github/React_NextJS/bubblebubble
[2024-11-10 16:07:14] 프로젝트 파일 복사 시작
[2024-11-10 16:07:17] 프로젝트 파일 복사 완료
[2024-11-10 16:07:17] AWS 서버에 SSH 접속 시작
[2024-11-10 16:09:24] AWS 서버 SSH 접속 및 작업 완료
[2024-11-10 16:09:24] 스크립트 실행 완료. 총 실행 시간: 130.000 초
[2024-11-10 16:54:04] 스크립트 시작
[2024-11-10 16:54:04] 변수 설정 완료
[2024-11-10 16:54:04] 현재 디렉토리: /Users/icheolhui/Mirror/Github/React_NextJS/bubblebubble
[2024-11-10 16:54:04] 프로젝트 파일 복사 시작
[2024-11-10 16:54:05] 프로젝트 파일 복사 완료
[2024-11-10 16:54:05] AWS 서버에 SSH 접속 시작
[2024-11-10 16:54:06] AWS 서버 SSH 접속 및 작업 완료
[2024-11-10 16:54:06] 스크립트 실행 완료. 총 실행 시간: 2.000 초
[2024-11-10 16:55:12] 스크립트 시작
[2024-11-10 16:55:12] 변수 설정 완료
[2024-11-10 16:55:12] 현재 디렉토리: /Users/icheolhui/Mirror/Github/React_NextJS/bubblebubble
[2024-11-10 16:55:12] 프로젝트 파일 복사 시작
[2024-11-10 16:55:13] 프로젝트 파일 복사 완료
[2024-11-10 16:55:13] AWS 서버에 SSH 접속 시작
[2024-11-10 16:55:15] AWS 서버 SSH 접속 및 작업 완료
[2024-11-10 16:55:15] 스크립트 실행 완료. 총 실행 시간: 3.000 초
[2024-11-10 16:55:23] 스크립트 시작
[2024-11-10 16:55:23] 변수 설정 완료
[2024-11-10 16:55:23] 현재 디렉토리: /Users/icheolhui/Mirror/Github/React_NextJS/bubblebubble
[2024-11-10 16:55:23] 프로젝트 파일 복사 시작
[2024-11-10 16:55:24] 프로젝트 파일 복사 완료
[2024-11-10 16:55:24] AWS 서버에 SSH 접속 시작
[2024-11-10 16:57:37] AWS 서버 SSH 접속 및 작업 완료
[2024-11-10 16:57:37] 스크립트 실행 완료. 총 실행 시간: 134.000 초
[2024-11-10 16:58:11] 스크립트 시작
[2024-11-10 16:58:11] 변수 설정 완료
[2024-11-10 16:58:11] 현재 디렉토리: /Users/icheolhui/Mirror/Github/React_NextJS/bubblebubble
[2024-11-10 16:58:11] 프로젝트 파일 복사 시작
[2024-11-10 16:58:12] 프로젝트 파일 복사 완료
[2024-11-10 16:58:12] AWS 서버에 SSH 접속 시작
